2016-09-22 13:58:49,836 [myid:] - INFO  [main:QuorumPeerConfig@124] - Reading configuration from: /usr/local/zookeeper-3.4.9/bin/../conf/zoo.cfg
2016-09-22 13:58:49,841 [myid:] - INFO  [main:DatadirCleanupManager@78] - autopurge.snapRetainCount set to 3
2016-09-22 13:58:49,841 [myid:] - INFO  [main:DatadirCleanupManager@79] - autopurge.purgeInterval set to 0
2016-09-22 13:58:49,841 [myid:] - INFO  [main:DatadirCleanupManager@101] - Purge task is not scheduled.
2016-09-22 13:58:49,842 [myid:] - WARN  [main:QuorumPeerMain@113] - Either no config or no quorum defined in config, running  in standalone mode
2016-09-22 13:58:49,858 [myid:] - INFO  [main:QuorumPeerConfig@124] - Reading configuration from: /usr/local/zookeeper-3.4.9/bin/../conf/zoo.cfg
2016-09-22 13:58:49,858 [myid:] - INFO  [main:ZooKeeperServerMain@96] - Starting server
2016-09-22 13:58:49,867 [myid:] - INFO  [main:Environment@100] - Server environment:zookeeper.version=3.4.9-1757313, built on 08/23/2016 06:50 GMT
2016-09-22 13:58:49,867 [myid:] - INFO  [main:Environment@100] - Server environment:host.name=zhangzhaoyu
2016-09-22 13:58:49,867 [myid:] - INFO  [main:Environment@100] - Server environment:java.version=1.8.0_60
2016-09-22 13:58:49,867 [myid:] - INFO  [main:Environment@100] - Server environment:java.vendor=Oracle Corporation
2016-09-22 13:58:49,867 [myid:] - INFO  [main:Environment@100] - Server environment:java.home=/usr/local/jdk1.8.0_60/jre
2016-09-22 13:58:49,867 [myid:] - INFO  [main:Environment@100] - Server environment:java.class.path=/usr/local/zookeeper-3.4.9/bin/../build/classes:/usr/local/zookeeper-3.4.9/bin/../build/lib/*.jar:/usr/local/zookeeper-3.4.9/bin/../lib/slf4j-log4j12-1.6.1.jar:/usr/local/zookeeper-3.4.9/bin/../lib/slf4j-api-1.6.1.jar:/usr/local/zookeeper-3.4.9/bin/../lib/netty-3.10.5.Final.jar:/usr/local/zookeeper-3.4.9/bin/../lib/log4j-1.2.16.jar:/usr/local/zookeeper-3.4.9/bin/../lib/jline-0.9.94.jar:/usr/local/zookeeper-3.4.9/bin/../zookeeper-3.4.9.jar:/usr/local/zookeeper-3.4.9/bin/../src/java/lib/*.jar:/usr/local/zookeeper-3.4.9/bin/../conf:
2016-09-22 13:58:49,868 [myid:] - INFO  [main:Environment@100] - Server environment:java.library.path=/usr/java/packages/lib/amd64:/usr/lib64:/lib64:/lib:/usr/lib
2016-09-22 13:58:49,868 [myid:] - INFO  [main:Environment@100] - Server environment:java.io.tmpdir=/tmp
2016-09-22 13:58:49,868 [myid:] - INFO  [main:Environment@100] - Server environment:java.compiler=<NA>
2016-09-22 13:58:49,869 [myid:] - INFO  [main:Environment@100] - Server environment:os.name=Linux
2016-09-22 13:58:49,870 [myid:] - INFO  [main:Environment@100] - Server environment:os.arch=amd64
2016-09-22 13:58:49,870 [myid:] - INFO  [main:Environment@100] - Server environment:os.version=3.13.0-95-generic
2016-09-22 13:58:49,870 [myid:] - INFO  [main:Environment@100] - Server environment:user.name=zhaoyu
2016-09-22 13:58:49,870 [myid:] - INFO  [main:Environment@100] - Server environment:user.home=/home/zhaoyu
2016-09-22 13:58:49,870 [myid:] - INFO  [main:Environment@100] - Server environment:user.dir=/home/zhaoyu/github_home/document
2016-09-22 13:58:49,883 [myid:] - INFO  [main:ZooKeeperServer@815] - tickTime set to 2000
2016-09-22 13:58:49,884 [myid:] - INFO  [main:ZooKeeperServer@824] - minSessionTimeout set to -1
2016-09-22 13:58:49,884 [myid:] - INFO  [main:ZooKeeperServer@833] - maxSessionTimeout set to -1
2016-09-22 13:58:49,900 [myid:] - INFO  [main:NIOServerCnxnFactory@89] - binding to port 0.0.0.0/0.0.0.0:2181
